[2026-06-29 23:09:00,369] 1025 - httpx - INFO- HTTP Request: GET https://dagshub.com/api/v1/user "HTTP/1.1 200 OK"
[2026-06-29 23:09:00,383] 107 - dagshub - INFO- Accessing as nainaaa1105
[2026-06-29 23:09:01,304] 1025 - httpx - INFO- HTTP Request: GET https://dagshub.com/api/v1/repos/nainaaa1105/networksecurity "HTTP/1.1 200 OK"
[2026-06-29 23:09:02,043] 1025 - httpx - INFO- HTTP Request: GET https://dagshub.com/api/v1/user "HTTP/1.1 200 OK"
[2026-06-29 23:09:02,047] 107 - dagshub - INFO- Initialized MLflow to track repo "nainaaa1105/networksecurity"
[2026-06-29 23:09:02,049] 107 - dagshub - INFO- Repository nainaaa1105/networksecurity initialized!
[2026-06-29 23:09:04,612] 19 - root - INFO- Initiating data ingestion
[2026-06-29 23:09:10,853] 68 - root - INFO- Performed train test split on the data
[2026-06-29 23:09:10,853] 69 - root - INFO- Exited the split_data_as_train_test method of Data_Ingestion class
[2026-06-29 23:09:10,853] 74 - root - INFO- Exporting train and test file path
[2026-06-29 23:09:10,899] 77 - root - INFO- Exported train and test file path.
[2026-06-29 23:09:10,899] 21 - root - INFO- Data ingestion completed
[2026-06-29 23:09:10,928] 40 - root - INFO- Required number of columns:31
[2026-06-29 23:09:10,928] 41 - root - INFO- Data frame has columns:31
[2026-06-29 23:09:10,928] 40 - root - INFO- Required number of columns:31
[2026-06-29 23:09:10,928] 41 - root - INFO- Data frame has columns:31
[2026-06-29 23:09:11,053] 25 - root - INFO- Data validation completed
[2026-06-29 23:09:11,053] 26 - root - INFO- Data transformation started
[2026-06-29 23:09:11,053] 55 - root - INFO- Entered the initiate_data_transformation method of DataTransformation class
[2026-06-29 23:09:11,053] 57 - root - INFO- Starting data transformation
[2026-06-29 23:09:11,076] 45 - root - INFO- Entered the get_data_transformer_object method of DataTransformation class
[2026-06-29 23:09:11,076] 48 - root - INFO- Initialise KNNImputer with {'n_neighbors': 3, 'weights': 'uniform', 'missing_values': nan}
[2026-06-29 23:09:11,092] 46 - root - INFO- Entered the save_object method of MainUtils class
[2026-06-29 23:09:11,096] 50 - root - INFO- Exited the save_object method of MainUtils class
[2026-06-29 23:09:11,097] 30 - root - INFO- Data transformation completed
[2026-06-29 23:09:11,097] 32 - root - INFO- Model Training started
[2026-06-29 23:18:24,146] 46 - root - INFO- Entered the save_object method of MainUtils class
[2026-06-29 23:18:24,257] 50 - root - INFO- Exited the save_object method of MainUtils class
[2026-06-29 23:18:24,258] 46 - root - INFO- Entered the save_object method of MainUtils class
[2026-06-29 23:18:24,375] 50 - root - INFO- Exited the save_object method of MainUtils class
[2026-06-29 23:18:24,375] 46 - root - INFO- Entered the save_object method of MainUtils class
[2026-06-29 23:18:24,485] 50 - root - INFO- Exited the save_object method of MainUtils class
[2026-06-29 23:18:24,485] 159 - root - INFO- Model trainer artifact: ModelTrainerArtifact(trained_model_file_path='Artifacts\\06_29_2026_23_08_34\\model_trainer\\trained_model\\model.pkl', train_metric_artifact=ClassificationMetricArtifact(f1_score=0.9916581892166836, precision_score=0.9890422077922078, recall_score=0.9942880456956344), test_metric_artifact=ClassificationMetricArtifact(f1_score=0.9785714285714285, precision_score=0.974703557312253, recall_score=0.9824701195219123))
[2026-06-29 23:18:24,508] 37 - root - INFO- Model Training artifact created
