[2026-06-28 00:35:52,067] 1025 - httpx - INFO- HTTP Request: GET https://dagshub.com/api/v1/user "HTTP/1.1 200 OK"
[2026-06-28 00:35:52,080] 107 - dagshub - INFO- Accessing as nainaaa1105
[2026-06-28 00:35:53,046] 1025 - httpx - INFO- HTTP Request: GET https://dagshub.com/api/v1/repos/nainaaa1105/networksecurity "HTTP/1.1 200 OK"
[2026-06-28 00:35:53,784] 1025 - httpx - INFO- HTTP Request: GET https://dagshub.com/api/v1/user "HTTP/1.1 200 OK"
[2026-06-28 00:35:53,788] 107 - dagshub - INFO- Initialized MLflow to track repo "nainaaa1105/networksecurity"
[2026-06-28 00:35:53,790] 107 - dagshub - INFO- Repository nainaaa1105/networksecurity initialized!
[2026-06-28 00:35:54,114] 19 - root - INFO- Initiating data ingestion
[2026-06-28 00:35:57,541] 68 - root - INFO- Performed train test split on the data
[2026-06-28 00:35:57,541] 69 - root - INFO- Exited the split_data_as_train_test method of Data_Ingestion class
[2026-06-28 00:35:57,542] 74 - root - INFO- Exporting train and test file path
[2026-06-28 00:35:57,605] 77 - root - INFO- Exported train and test file path.
[2026-06-28 00:35:57,607] 21 - root - INFO- Data ingestion completed
[2026-06-28 00:35:57,643] 40 - root - INFO- Required number of columns:31
[2026-06-28 00:35:57,643] 41 - root - INFO- Data frame has columns:31
[2026-06-28 00:35:57,643] 40 - root - INFO- Required number of columns:31
[2026-06-28 00:35:57,643] 41 - root - INFO- Data frame has columns:31
[2026-06-28 00:35:57,852] 25 - root - INFO- Data validation completed
[2026-06-28 00:35:57,852] 26 - root - INFO- Data transformation started
[2026-06-28 00:35:57,853] 55 - root - INFO- Entered the initiate_data_transformation method of DataTransformation class
[2026-06-28 00:35:57,853] 57 - root - INFO- Starting data transformation
[2026-06-28 00:35:57,888] 45 - root - INFO- Entered the get_data_transformer_object method of DataTransformation class
[2026-06-28 00:35:57,888] 48 - root - INFO- Initialise KNNImputer with {'n_neighbors': 3, 'weights': 'uniform', 'missing_values': nan}
[2026-06-28 00:35:57,906] 46 - root - INFO- Entered the save_object method of MainUtils class
[2026-06-28 00:35:57,911] 50 - root - INFO- Exited the save_object method of MainUtils class
[2026-06-28 00:35:57,912] 30 - root - INFO- Data transformation completed
[2026-06-28 00:35:57,913] 32 - root - INFO- Model Training started
[2026-06-28 00:43:45,445] 46 - root - INFO- Entered the save_object method of MainUtils class
[2026-06-28 00:43:45,497] 50 - root - INFO- Exited the save_object method of MainUtils class
[2026-06-28 00:43:45,498] 46 - root - INFO- Entered the save_object method of MainUtils class
[2026-06-28 00:43:45,525] 50 - root - INFO- Exited the save_object method of MainUtils class
[2026-06-28 00:43:45,526] 157 - root - INFO- Model trainer artifact: ModelTrainerArtifact(trained_model_file_path='Artifacts\\06_28_2026_00_35_44\\model_trainer\\trained_model\\model.pkl', train_metric_artifact=ClassificationMetricArtifact(f1_score=0.9904529758277473, precision_score=0.9876443184119911, recall_score=0.9932776532898757), test_metric_artifact=ClassificationMetricArtifact(f1_score=0.9771176234443998, precision_score=0.9790828640386162, recall_score=0.9751602564102564))
[2026-06-28 00:43:45,576] 37 - root - INFO- Model Training artifact created
